2023-06-21T09:29:02.697+05:30  INFO 14864 --- [main] c.s.c.r.ReactivedemoApplicationTests     : Starting ReactivedemoApplicationTests using Java 17 with PID 14864 (started by Chiru in E:\STS\shoppingcart)
2023-06-21T09:29:02.716+05:30  INFO 14864 --- [main] c.s.c.r.ReactivedemoApplicationTests     : No active profile set, falling back to 1 default profile: "default"
2023-06-21T09:29:07.144+05:30  INFO 14864 --- [main] com.zaxxer.hikari.HikariDataSource       : HikariPool-1 - Starting...
2023-06-21T09:29:07.707+05:30  INFO 14864 --- [main] com.zaxxer.hikari.pool.HikariPool        : HikariPool-1 - Added connection org.postgresql.jdbc.PgConnection@7db791df
2023-06-21T09:29:07.711+05:30  INFO 14864 --- [main] com.zaxxer.hikari.HikariDataSource       : HikariPool-1 - Start completed.
2023-06-21T09:29:08.057+05:30  INFO 14864 --- [main] o.hibernate.jpa.internal.util.LogHelper  : HHH000204: Processing PersistenceUnitInfo [name: default]
2023-06-21T09:29:08.339+05:30  INFO 14864 --- [main] org.hibernate.Version                    : HHH000412: Hibernate ORM core version 6.2.2.Final
2023-06-21T09:29:08.345+05:30  INFO 14864 --- [main] org.hibernate.cfg.Environment            : HHH000406: Using bytecode reflection optimizer
2023-06-21T09:29:08.987+05:30  INFO 14864 --- [main] o.h.b.i.BytecodeProviderInitiator        : HHH000021: Bytecode provider name : bytebuddy
2023-06-21T09:29:09.665+05:30  INFO 14864 --- [main] org.hibernate.orm.dialect                : HHH035001: Using dialect: org.hibernate.dialect.PostgreSQLDialect, version: org.hibernate.engine.jdbc.env.internal.JdbcEnvironmentInitiator$DialectResolutionInfoImpl@6d7e2795
2023-06-21T09:29:09.983+05:30  INFO 14864 --- [main] o.h.b.i.BytecodeProviderInitiator        : HHH000021: Bytecode provider name : bytebuddy
2023-06-21T09:29:11.085+05:30  INFO 14864 --- [main] o.h.e.t.j.p.i.JtaPlatformInitiator       : HHH000490: Using JtaPlatform implementation: [org.hibernate.engine.transaction.jta.platform.internal.NoJtaPlatform]
2023-06-21T09:29:16.536+05:30  INFO 14864 --- [main] c.s.c.r.ReactivedemoApplicationTests     : Started ReactivedemoApplicationTests in 14.465 seconds (process running for 16.595)
2023-06-21T09:29:16.802+05:30  INFO 14864 --- [main] c.shopping.cart.batch.BatchJobListener   : Job Started STARTED
2023-06-21T09:29:16.817+05:30  INFO 14864 --- [main] c.shopping.cart.batch.BatchJobListener   : Job Completed COMPLETED
2023-06-21T09:29:17.819+05:30  INFO 14864 --- [main] reactor.Flux.ConcatMapNoPrefetch.1       : onSubscribe(FluxConcatMapNoPrefetch.FluxConcatMapNoPrefetchSubscriber)
2023-06-21T09:29:17.821+05:30  INFO 14864 --- [main] reactor.Flux.ConcatMapNoPrefetch.1       : request(2)
2023-06-21T09:29:19.848+05:30  INFO 14864 --- [parallel-1] reactor.Flux.ConcatMapNoPrefetch.1       : onNext(Chiru Notebook)
2023-06-21T09:29:21.539+05:30 ERROR 14864 --- [org.springframework.jms.JmsListenerEndpointContainer#0-1] o.s.j.l.DefaultMessageListenerContainer  : Could not refresh JMS Connection for destination 'myQueue' - retrying using FixedBackOff{interval=5000, currentAttempts=0, maxAttempts=unlimited}. Cause: Could not connect to broker URL: tcp://localhost:61616. Reason: java.net.ConnectException: Connection refused: no further information
2023-06-21T09:29:21.851+05:30  INFO 14864 --- [parallel-2] reactor.Flux.ConcatMapNoPrefetch.1       : onNext(iPhone)
2023-06-21T09:29:26.565+05:30 ERROR 14864 --- [org.springframework.jms.JmsListenerEndpointContainer#0-1] o.s.j.l.DefaultMessageListenerContainer  : Could not refresh JMS Connection for destination 'myQueue' - retrying using FixedBackOff{interval=5000, currentAttempts=1, maxAttempts=unlimited}. Cause: Could not connect to broker URL: tcp://localhost:61616. Reason: java.net.ConnectException: Connection refused: no further information
2023-06-21T09:29:27.905+05:30  INFO 14864 --- [main] reactor.Mono.Just.2                      : | onSubscribe([Synchronous Fuseable] Operators.ScalarSubscription)
2023-06-21T09:29:27.906+05:30  INFO 14864 --- [main] reactor.Mono.Just.2                      : | request(unbounded)
2023-06-21T09:29:27.907+05:30  INFO 14864 --- [main] reactor.Mono.Just.2                      : | onNext(Chiru Notebook)
2023-06-21T09:29:27.908+05:30  INFO 14864 --- [main] reactor.Mono.Just.2                      : | onComplete()
2023-06-21T09:29:27.996+05:30  INFO 14864 --- [SpringApplicationShutdownHook] com.zaxxer.hikari.HikariDataSource       : HikariPool-1 - Shutdown initiated...
2023-06-21T09:29:28.017+05:30  INFO 14864 --- [SpringApplicationShutdownHook] com.zaxxer.hikari.HikariDataSource       : HikariPool-1 - Shutdown completed.
2023-06-21T09:31:46.682+05:30  INFO 15436 --- [main] c.s.c.r.ReactivedemoApplicationTests     : Starting ReactivedemoApplicationTests using Java 17 with PID 15436 (started by Chiru in E:\STS\shoppingcart)
2023-06-21T09:31:46.684+05:30  INFO 15436 --- [main] c.s.c.r.ReactivedemoApplicationTests     : No active profile set, falling back to 1 default profile: "default"
2023-06-21T09:31:51.070+05:30  INFO 15436 --- [main] com.zaxxer.hikari.HikariDataSource       : HikariPool-1 - Starting...
2023-06-21T09:31:51.749+05:30  INFO 15436 --- [main] com.zaxxer.hikari.pool.HikariPool        : HikariPool-1 - Added connection org.postgresql.jdbc.PgConnection@6eeb29c0
2023-06-21T09:31:51.753+05:30  INFO 15436 --- [main] com.zaxxer.hikari.HikariDataSource       : HikariPool-1 - Start completed.
2023-06-21T09:31:52.045+05:30  INFO 15436 --- [main] o.hibernate.jpa.internal.util.LogHelper  : HHH000204: Processing PersistenceUnitInfo [name: default]
2023-06-21T09:31:52.211+05:30  INFO 15436 --- [main] org.hibernate.Version                    : HHH000412: Hibernate ORM core version 6.2.2.Final
2023-06-21T09:31:52.225+05:30  INFO 15436 --- [main] org.hibernate.cfg.Environment            : HHH000406: Using bytecode reflection optimizer
2023-06-21T09:31:52.638+05:30  INFO 15436 --- [main] o.h.b.i.BytecodeProviderInitiator        : HHH000021: Bytecode provider name : bytebuddy
2023-06-21T09:31:53.168+05:30  INFO 15436 --- [main] org.hibernate.orm.dialect                : HHH035001: Using dialect: org.hibernate.dialect.PostgreSQLDialect, version: org.hibernate.engine.jdbc.env.internal.JdbcEnvironmentInitiator$DialectResolutionInfoImpl@5c5f12e
2023-06-21T09:31:53.663+05:30  INFO 15436 --- [main] o.h.b.i.BytecodeProviderInitiator        : HHH000021: Bytecode provider name : bytebuddy
2023-06-21T09:31:55.335+05:30  INFO 15436 --- [main] o.h.e.t.j.p.i.JtaPlatformInitiator       : HHH000490: Using JtaPlatform implementation: [org.hibernate.engine.transaction.jta.platform.internal.NoJtaPlatform]
2023-06-21T09:32:02.177+05:30  INFO 15436 --- [main] c.s.c.r.ReactivedemoApplicationTests     : Started ReactivedemoApplicationTests in 16.075 seconds (process running for 17.996)
2023-06-21T09:32:02.438+05:30  INFO 15436 --- [main] c.shopping.cart.batch.BatchJobListener   : Job Started STARTED
2023-06-21T09:32:02.449+05:30  INFO 15436 --- [main] c.shopping.cart.batch.BatchJobListener   : Job Completed COMPLETED
2023-06-21T09:32:03.532+05:30  INFO 15436 --- [main] reactor.Flux.ConcatMapNoPrefetch.1       : onSubscribe(FluxConcatMapNoPrefetch.FluxConcatMapNoPrefetchSubscriber)
2023-06-21T09:32:03.535+05:30  INFO 15436 --- [main] reactor.Flux.ConcatMapNoPrefetch.1       : request(2)
2023-06-21T09:32:05.549+05:30  INFO 15436 --- [parallel-1] reactor.Flux.ConcatMapNoPrefetch.1       : onNext(Chiru Notebook)
2023-06-21T09:32:07.172+05:30 ERROR 15436 --- [org.springframework.jms.JmsListenerEndpointContainer#0-1] o.s.j.l.DefaultMessageListenerContainer  : Could not refresh JMS Connection for destination 'myQueue' - retrying using FixedBackOff{interval=5000, currentAttempts=0, maxAttempts=unlimited}. Cause: Could not connect to broker URL: tcp://localhost:61616. Reason: java.net.ConnectException: Connection refused: no further information
2023-06-21T09:32:07.553+05:30  INFO 15436 --- [parallel-2] reactor.Flux.ConcatMapNoPrefetch.1       : onNext(iPhone)
2023-06-21T09:32:07.556+05:30  INFO 15436 --- [parallel-2] reactor.Flux.ConcatMapNoPrefetch.1       : request(2)
2023-06-21T09:32:09.559+05:30  INFO 15436 --- [parallel-3] reactor.Flux.ConcatMapNoPrefetch.1       : onNext(AirPods)
2023-06-21T09:32:09.562+05:30  INFO 15436 --- [parallel-3] reactor.Flux.ConcatMapNoPrefetch.1       : onComplete()
2023-06-21T09:32:12.178+05:30 ERROR 15436 --- [org.springframework.jms.JmsListenerEndpointContainer#0-1] o.s.j.l.DefaultMessageListenerContainer  : Could not refresh JMS Connection for destination 'myQueue' - retrying using FixedBackOff{interval=5000, currentAttempts=1, maxAttempts=unlimited}. Cause: Could not connect to broker URL: tcp://localhost:61616. Reason: java.net.ConnectException: Connection refused: no further information
2023-06-21T09:32:13.614+05:30  INFO 15436 --- [main] reactor.Mono.Just.2                      : | onSubscribe([Synchronous Fuseable] Operators.ScalarSubscription)
2023-06-21T09:32:13.615+05:30  INFO 15436 --- [main] reactor.Mono.Just.2                      : | request(unbounded)
2023-06-21T09:32:13.615+05:30  INFO 15436 --- [main] reactor.Mono.Just.2                      : | onNext(Chiru Notebook)
2023-06-21T09:32:13.616+05:30  INFO 15436 --- [main] reactor.Mono.Just.2                      : | onComplete()
2023-06-21T09:32:13.669+05:30  INFO 15436 --- [SpringApplicationShutdownHook] com.zaxxer.hikari.HikariDataSource       : HikariPool-1 - Shutdown initiated...
2023-06-21T09:32:13.687+05:30  INFO 15436 --- [SpringApplicationShutdownHook] com.zaxxer.hikari.HikariDataSource       : HikariPool-1 - Shutdown completed.
2023-06-21T10:13:34.590+05:30  INFO 10204 --- [main] c.s.c.r.ReactivedemoApplicationTests     : Starting ReactivedemoApplicationTests using Java 17 with PID 10204 (started by Chiru in E:\STS\shoppingcart)
2023-06-21T10:13:34.593+05:30  INFO 10204 --- [main] c.s.c.r.ReactivedemoApplicationTests     : No active profile set, falling back to 1 default profile: "default"
2023-06-21T10:13:38.609+05:30  INFO 10204 --- [main] com.zaxxer.hikari.HikariDataSource       : HikariPool-1 - Starting...
2023-06-21T10:13:39.233+05:30  INFO 10204 --- [main] com.zaxxer.hikari.pool.HikariPool        : HikariPool-1 - Added connection org.postgresql.jdbc.PgConnection@6f986501
2023-06-21T10:13:39.238+05:30  INFO 10204 --- [main] com.zaxxer.hikari.HikariDataSource       : HikariPool-1 - Start completed.
2023-06-21T10:13:39.496+05:30  INFO 10204 --- [main] o.hibernate.jpa.internal.util.LogHelper  : HHH000204: Processing PersistenceUnitInfo [name: default]
2023-06-21T10:13:39.693+05:30  INFO 10204 --- [main] org.hibernate.Version                    : HHH000412: Hibernate ORM core version 6.2.2.Final
2023-06-21T10:13:39.701+05:30  INFO 10204 --- [main] org.hibernate.cfg.Environment            : HHH000406: Using bytecode reflection optimizer
2023-06-21T10:13:40.326+05:30  INFO 10204 --- [main] o.h.b.i.BytecodeProviderInitiator        : HHH000021: Bytecode provider name : bytebuddy
2023-06-21T10:13:40.780+05:30  INFO 10204 --- [main] org.hibernate.orm.dialect                : HHH035001: Using dialect: org.hibernate.dialect.PostgreSQLDialect, version: org.hibernate.engine.jdbc.env.internal.JdbcEnvironmentInitiator$DialectResolutionInfoImpl@1e3566e
2023-06-21T10:13:41.153+05:30  INFO 10204 --- [main] o.h.b.i.BytecodeProviderInitiator        : HHH000021: Bytecode provider name : bytebuddy
2023-06-21T10:13:42.442+05:30  INFO 10204 --- [main] o.h.e.t.j.p.i.JtaPlatformInitiator       : HHH000490: Using JtaPlatform implementation: [org.hibernate.engine.transaction.jta.platform.internal.NoJtaPlatform]
2023-06-21T10:13:48.887+05:30  INFO 10204 --- [main] c.s.c.r.ReactivedemoApplicationTests     : Started ReactivedemoApplicationTests in 14.888 seconds (process running for 16.666)
2023-06-21T10:13:49.150+05:30  INFO 10204 --- [main] c.shopping.cart.batch.BatchJobListener   : Job Started STARTED
2023-06-21T10:13:49.160+05:30  INFO 10204 --- [main] c.shopping.cart.batch.BatchJobListener   : Job Completed COMPLETED
2023-06-21T10:13:51.031+05:30  INFO 10204 --- [SpringApplicationShutdownHook] com.zaxxer.hikari.HikariDataSource       : HikariPool-1 - Shutdown initiated...
2023-06-21T10:13:51.048+05:30  INFO 10204 --- [SpringApplicationShutdownHook] com.zaxxer.hikari.HikariDataSource       : HikariPool-1 - Shutdown completed.
2023-06-21T10:41:56.367+05:30  INFO 16744 --- [main] c.shopping.cart.ShoppingcartApplication  : Starting ShoppingcartApplication using Java 17 with PID 16744 (E:\STS\shoppingcart\target\classes started by Chiru in E:\STS\shoppingcart)
2023-06-21T10:41:56.372+05:30  INFO 16744 --- [main] c.shopping.cart.ShoppingcartApplication  : No active profile set, falling back to 1 default profile: "default"
2023-06-21T10:41:59.935+05:30  INFO 16744 --- [main] o.apache.catalina.core.StandardService   : Starting service [Tomcat]
2023-06-21T10:41:59.935+05:30  INFO 16744 --- [main] o.apache.catalina.core.StandardEngine    : Starting Servlet engine: [Apache Tomcat/10.1.8]
2023-06-21T10:42:00.242+05:30  INFO 16744 --- [main] o.a.c.c.C.[Tomcat].[localhost].[/]       : Initializing Spring embedded WebApplicationContext
2023-06-21T10:42:00.606+05:30  INFO 16744 --- [main] com.zaxxer.hikari.HikariDataSource       : HikariPool-1 - Starting...
2023-06-21T10:42:00.873+05:30  INFO 16744 --- [main] com.zaxxer.hikari.pool.HikariPool        : HikariPool-1 - Added connection org.postgresql.jdbc.PgConnection@4809c771
2023-06-21T10:42:00.875+05:30  INFO 16744 --- [main] com.zaxxer.hikari.HikariDataSource       : HikariPool-1 - Start completed.
2023-06-21T10:42:01.016+05:30  INFO 16744 --- [main] o.hibernate.jpa.internal.util.LogHelper  : HHH000204: Processing PersistenceUnitInfo [name: default]
2023-06-21T10:42:01.229+05:30  INFO 16744 --- [main] org.hibernate.Version                    : HHH000412: Hibernate ORM core version 6.2.2.Final
2023-06-21T10:42:01.233+05:30  INFO 16744 --- [main] org.hibernate.cfg.Environment            : HHH000406: Using bytecode reflection optimizer
2023-06-21T10:42:01.684+05:30  INFO 16744 --- [main] o.h.b.i.BytecodeProviderInitiator        : HHH000021: Bytecode provider name : bytebuddy
2023-06-21T10:42:02.263+05:30  INFO 16744 --- [main] org.hibernate.orm.dialect                : HHH035001: Using dialect: org.hibernate.dialect.PostgreSQLDialect, version: org.hibernate.engine.jdbc.env.internal.JdbcEnvironmentInitiator$DialectResolutionInfoImpl@1618c98a
2023-06-21T10:42:02.482+05:30  INFO 16744 --- [main] o.h.b.i.BytecodeProviderInitiator        : HHH000021: Bytecode provider name : bytebuddy
2023-06-21T10:42:03.330+05:30  INFO 16744 --- [main] o.h.e.t.j.p.i.JtaPlatformInitiator       : HHH000490: Using JtaPlatform implementation: [org.hibernate.engine.transaction.jta.platform.internal.NoJtaPlatform]
2023-06-21T10:42:06.844+05:30  INFO 16744 --- [main] c.shopping.cart.ShoppingcartApplication  : Started ShoppingcartApplication in 11.316 seconds (process running for 12.729)
2023-06-21T10:42:07.035+05:30  INFO 16744 --- [main] c.shopping.cart.batch.BatchJobListener   : Job Started STARTED
2023-06-21T10:42:07.049+05:30  INFO 16744 --- [main] c.shopping.cart.batch.BatchJobListener   : Job Completed COMPLETED
2023-06-21T10:42:51.723+05:30  INFO 16744 --- [http-nio-8080-exec-1] o.a.c.c.C.[Tomcat].[localhost].[/]       : Initializing Spring DispatcherServlet 'dispatcherServlet'
2023-06-21T10:43:04.372+05:30  INFO 16744 --- [RMI TCP Connection(9)-127.0.0.1] o.apache.catalina.core.StandardService   : Stopping service [Tomcat]
2023-06-21T10:43:04.375+05:30  INFO 16744 --- [RMI TCP Connection(9)-127.0.0.1] o.a.c.c.C.[Tomcat].[localhost].[/]       : Destroying Spring FrameworkServlet 'dispatcherServlet'
2023-06-21T10:43:04.424+05:30  INFO 16744 --- [RMI TCP Connection(9)-127.0.0.1] com.zaxxer.hikari.HikariDataSource       : HikariPool-1 - Shutdown initiated...
2023-06-21T10:43:04.438+05:30  INFO 16744 --- [RMI TCP Connection(9)-127.0.0.1] com.zaxxer.hikari.HikariDataSource       : HikariPool-1 - Shutdown completed.
2023-06-21T10:43:32.044+05:30  INFO 17044 --- [main] c.shopping.cart.ShoppingcartApplication  : Starting ShoppingcartApplication using Java 17 with PID 17044 (E:\STS\shoppingcart\target\classes started by Chiru in E:\STS\shoppingcart)
2023-06-21T10:43:32.049+05:30  INFO 17044 --- [main] c.shopping.cart.ShoppingcartApplication  : No active profile set, falling back to 1 default profile: "default"
2023-06-21T10:43:35.279+05:30  INFO 17044 --- [main] o.apache.catalina.core.StandardService   : Starting service [Tomcat]
2023-06-21T10:43:35.281+05:30  INFO 17044 --- [main] o.apache.catalina.core.StandardEngine    : Starting Servlet engine: [Apache Tomcat/10.1.8]
2023-06-21T10:43:35.526+05:30  INFO 17044 --- [main] o.a.c.c.C.[Tomcat].[localhost].[/]       : Initializing Spring embedded WebApplicationContext
2023-06-21T10:43:35.886+05:30  INFO 17044 --- [main] com.zaxxer.hikari.HikariDataSource       : HikariPool-1 - Starting...
2023-06-21T10:43:36.191+05:30  INFO 17044 --- [main] com.zaxxer.hikari.pool.HikariPool        : HikariPool-1 - Added connection org.postgresql.jdbc.PgConnection@70a24f9
2023-06-21T10:43:36.194+05:30  INFO 17044 --- [main] com.zaxxer.hikari.HikariDataSource       : HikariPool-1 - Start completed.
2023-06-21T10:43:36.429+05:30  INFO 17044 --- [main] o.hibernate.jpa.internal.util.LogHelper  : HHH000204: Processing PersistenceUnitInfo [name: default]
2023-06-21T10:43:36.531+05:30  INFO 17044 --- [main] org.hibernate.Version                    : HHH000412: Hibernate ORM core version 6.2.2.Final
2023-06-21T10:43:36.536+05:30  INFO 17044 --- [main] org.hibernate.cfg.Environment            : HHH000406: Using bytecode reflection optimizer
2023-06-21T10:43:36.769+05:30  INFO 17044 --- [main] o.h.b.i.BytecodeProviderInitiator        : HHH000021: Bytecode provider name : bytebuddy
2023-06-21T10:43:37.069+05:30  INFO 17044 --- [main] org.hibernate.orm.dialect                : HHH035001: Using dialect: org.hibernate.dialect.PostgreSQLDialect, version: org.hibernate.engine.jdbc.env.internal.JdbcEnvironmentInitiator$DialectResolutionInfoImpl@3e12c5de
2023-06-21T10:43:37.367+05:30  INFO 17044 --- [main] o.h.b.i.BytecodeProviderInitiator        : HHH000021: Bytecode provider name : bytebuddy
2023-06-21T10:43:38.199+05:30  INFO 17044 --- [main] o.h.e.t.j.p.i.JtaPlatformInitiator       : HHH000490: Using JtaPlatform implementation: [org.hibernate.engine.transaction.jta.platform.internal.NoJtaPlatform]
2023-06-21T10:43:41.651+05:30  INFO 17044 --- [main] c.shopping.cart.ShoppingcartApplication  : Started ShoppingcartApplication in 10.243 seconds (process running for 11.24)
2023-06-21T10:43:41.805+05:30  INFO 17044 --- [main] c.shopping.cart.batch.BatchJobListener   : Job Started STARTED
2023-06-21T10:43:41.816+05:30  INFO 17044 --- [main] c.shopping.cart.batch.BatchJobListener   : Job Completed COMPLETED
2023-06-21T10:43:57.934+05:30  INFO 17044 --- [http-nio-8080-exec-1] o.a.c.c.C.[Tomcat].[localhost].[/]       : Initializing Spring DispatcherServlet 'dispatcherServlet'
2023-06-21T10:54:40.248+05:30  INFO 17044 --- [RMI TCP Connection(21)-127.0.0.1] o.apache.catalina.core.StandardService   : Stopping service [Tomcat]
2023-06-21T10:54:40.253+05:30  INFO 17044 --- [RMI TCP Connection(21)-127.0.0.1] o.a.c.c.C.[Tomcat].[localhost].[/]       : Destroying Spring FrameworkServlet 'dispatcherServlet'
2023-06-21T10:54:40.379+05:30  INFO 17044 --- [RMI TCP Connection(21)-127.0.0.1] com.zaxxer.hikari.HikariDataSource       : HikariPool-1 - Shutdown initiated...
2023-06-21T10:54:40.413+05:30  INFO 17044 --- [RMI TCP Connection(21)-127.0.0.1] com.zaxxer.hikari.HikariDataSource       : HikariPool-1 - Shutdown completed.
2023-06-21T10:54:52.865+05:30  INFO 10736 --- [main] c.shopping.cart.ShoppingcartApplication  : Starting ShoppingcartApplication using Java 17 with PID 10736 (E:\STS\shoppingcart\target\classes started by Chiru in E:\STS\shoppingcart)
2023-06-21T10:54:52.870+05:30  INFO 10736 --- [main] c.shopping.cart.ShoppingcartApplication  : No active profile set, falling back to 1 default profile: "default"
2023-06-21T10:54:55.987+05:30  INFO 10736 --- [main] o.apache.catalina.core.StandardService   : Starting service [Tomcat]
2023-06-21T10:54:55.988+05:30  INFO 10736 --- [main] o.apache.catalina.core.StandardEngine    : Starting Servlet engine: [Apache Tomcat/10.1.8]
2023-06-21T10:54:56.231+05:30  INFO 10736 --- [main] o.a.c.c.C.[Tomcat].[localhost].[/]       : Initializing Spring embedded WebApplicationContext
2023-06-21T10:54:56.594+05:30  INFO 10736 --- [main] com.zaxxer.hikari.HikariDataSource       : HikariPool-1 - Starting...
2023-06-21T10:54:56.900+05:30  INFO 10736 --- [main] com.zaxxer.hikari.pool.HikariPool        : HikariPool-1 - Added connection org.postgresql.jdbc.PgConnection@7717b4a0
2023-06-21T10:54:56.903+05:30  INFO 10736 --- [main] com.zaxxer.hikari.HikariDataSource       : HikariPool-1 - Start completed.
2023-06-21T10:54:57.078+05:30  INFO 10736 --- [main] o.hibernate.jpa.internal.util.LogHelper  : HHH000204: Processing PersistenceUnitInfo [name: default]
2023-06-21T10:54:57.216+05:30  INFO 10736 --- [main] org.hibernate.Version                    : HHH000412: Hibernate ORM core version 6.2.2.Final
2023-06-21T10:54:57.220+05:30  INFO 10736 --- [main] org.hibernate.cfg.Environment            : HHH000406: Using bytecode reflection optimizer
2023-06-21T10:54:57.538+05:30  INFO 10736 --- [main] o.h.b.i.BytecodeProviderInitiator        : HHH000021: Bytecode provider name : bytebuddy
2023-06-21T10:54:57.950+05:30  INFO 10736 --- [main] org.hibernate.orm.dialect                : HHH035001: Using dialect: org.hibernate.dialect.PostgreSQLDialect, version: org.hibernate.engine.jdbc.env.internal.JdbcEnvironmentInitiator$DialectResolutionInfoImpl@c697186
2023-06-21T10:54:58.354+05:30  INFO 10736 --- [main] o.h.b.i.BytecodeProviderInitiator        : HHH000021: Bytecode provider name : bytebuddy
2023-06-21T10:54:59.130+05:30  INFO 10736 --- [main] o.h.e.t.j.p.i.JtaPlatformInitiator       : HHH000490: Using JtaPlatform implementation: [org.hibernate.engine.transaction.jta.platform.internal.NoJtaPlatform]
2023-06-21T10:55:02.569+05:30  INFO 10736 --- [main] c.shopping.cart.ShoppingcartApplication  : Started ShoppingcartApplication in 10.223 seconds (process running for 11.176)
2023-06-21T10:55:02.778+05:30  INFO 10736 --- [main] c.shopping.cart.batch.BatchJobListener   : Job Started STARTED
2023-06-21T10:55:02.789+05:30  INFO 10736 --- [main] c.shopping.cart.batch.BatchJobListener   : Job Completed COMPLETED
2023-06-21T10:55:13.637+05:30  INFO 10736 --- [http-nio-8080-exec-1] o.a.c.c.C.[Tomcat].[localhost].[/]       : Initializing Spring DispatcherServlet 'dispatcherServlet'
2023-06-21T11:05:45.423+05:30  INFO 10736 --- [RMI TCP Connection(21)-127.0.0.1] o.apache.catalina.core.StandardService   : Stopping service [Tomcat]
2023-06-21T11:05:45.428+05:30  INFO 10736 --- [RMI TCP Connection(21)-127.0.0.1] o.a.c.c.C.[Tomcat].[localhost].[/]       : Destroying Spring FrameworkServlet 'dispatcherServlet'
2023-06-21T11:05:45.543+05:30  INFO 10736 --- [RMI TCP Connection(21)-127.0.0.1] com.zaxxer.hikari.HikariDataSource       : HikariPool-1 - Shutdown initiated...
2023-06-21T11:05:45.578+05:30  INFO 10736 --- [RMI TCP Connection(21)-127.0.0.1] com.zaxxer.hikari.HikariDataSource       : HikariPool-1 - Shutdown completed.
2023-06-21T12:52:16.884+05:30  INFO 340 --- [main] c.shopping.cart.ShoppingcartApplication  : Starting ShoppingcartApplication using Java 17 with PID 340 (E:\STS\shoppingcart\target\classes started by Chiru in E:\STS\shoppingcart)
2023-06-21T12:52:16.892+05:30  INFO 340 --- [main] c.shopping.cart.ShoppingcartApplication  : No active profile set, falling back to 1 default profile: "default"
2023-06-21T12:52:21.456+05:30  INFO 340 --- [main] o.apache.catalina.core.StandardService   : Starting service [Tomcat]
2023-06-21T12:52:21.457+05:30  INFO 340 --- [main] o.apache.catalina.core.StandardEngine    : Starting Servlet engine: [Apache Tomcat/10.1.8]
2023-06-21T12:52:21.683+05:30  INFO 340 --- [main] o.a.c.c.C.[Tomcat].[localhost].[/]       : Initializing Spring embedded WebApplicationContext
2023-06-21T12:52:22.024+05:30  INFO 340 --- [main] com.zaxxer.hikari.HikariDataSource       : HikariPool-1 - Starting...
2023-06-21T12:52:22.316+05:30  INFO 340 --- [main] com.zaxxer.hikari.pool.HikariPool        : HikariPool-1 - Added connection org.postgresql.jdbc.PgConnection@69d667a5
2023-06-21T12:52:22.321+05:30  INFO 340 --- [main] com.zaxxer.hikari.HikariDataSource       : HikariPool-1 - Start completed.
2023-06-21T12:52:22.509+05:30  INFO 340 --- [main] o.hibernate.jpa.internal.util.LogHelper  : HHH000204: Processing PersistenceUnitInfo [name: default]
2023-06-21T12:52:22.730+05:30  INFO 340 --- [main] org.hibernate.Version                    : HHH000412: Hibernate ORM core version 6.2.2.Final
2023-06-21T12:52:22.741+05:30  INFO 340 --- [main] org.hibernate.cfg.Environment            : HHH000406: Using bytecode reflection optimizer
2023-06-21T12:52:23.163+05:30  INFO 340 --- [main] o.h.b.i.BytecodeProviderInitiator        : HHH000021: Bytecode provider name : bytebuddy
2023-06-21T12:52:23.605+05:30  INFO 340 --- [main] org.hibernate.orm.dialect                : HHH035001: Using dialect: org.hibernate.dialect.PostgreSQLDialect, version: org.hibernate.engine.jdbc.env.internal.JdbcEnvironmentInitiator$DialectResolutionInfoImpl@204c5ddf
2023-06-21T12:52:23.917+05:30  INFO 340 --- [main] o.h.b.i.BytecodeProviderInitiator        : HHH000021: Bytecode provider name : bytebuddy
2023-06-21T12:52:24.973+05:30  INFO 340 --- [main] o.h.e.t.j.p.i.JtaPlatformInitiator       : HHH000490: Using JtaPlatform implementation: [org.hibernate.engine.transaction.jta.platform.internal.NoJtaPlatform]
2023-06-21T12:52:29.216+05:30  INFO 340 --- [main] com.zaxxer.hikari.HikariDataSource       : HikariPool-1 - Shutdown initiated...
2023-06-21T12:52:29.233+05:30  INFO 340 --- [main] com.zaxxer.hikari.HikariDataSource       : HikariPool-1 - Shutdown completed.
2023-06-21T12:52:29.238+05:30  INFO 340 --- [main] o.apache.catalina.core.StandardService   : Stopping service [Tomcat]
2023-06-21T12:52:29.312+05:30 ERROR 340 --- [main] o.s.b.d.LoggingFailureAnalysisReporter   : 

***************************
APPLICATION FAILED TO START
***************************

Description:

Web server failed to start. Port 8080 was already in use.

Action:

Identify and stop the process that's listening on port 8080 or configure this application to listen on another port.

2023-06-21T12:53:11.025+05:30  INFO 652 --- [main] c.shopping.cart.ShoppingcartApplication  : Starting ShoppingcartApplication using Java 17 with PID 652 (E:\STS\shoppingcart\target\classes started by Chiru in E:\STS\shoppingcart)
2023-06-21T12:53:11.034+05:30  INFO 652 --- [main] c.shopping.cart.ShoppingcartApplication  : No active profile set, falling back to 1 default profile: "default"
2023-06-21T12:53:15.896+05:30  INFO 652 --- [main] o.apache.catalina.core.StandardService   : Starting service [Tomcat]
2023-06-21T12:53:15.896+05:30  INFO 652 --- [main] o.apache.catalina.core.StandardEngine    : Starting Servlet engine: [Apache Tomcat/10.1.8]
2023-06-21T12:53:16.137+05:30  INFO 652 --- [main] o.a.c.c.C.[Tomcat].[localhost].[/]       : Initializing Spring embedded WebApplicationContext
2023-06-21T12:53:16.567+05:30  INFO 652 --- [main] com.zaxxer.hikari.HikariDataSource       : HikariPool-1 - Starting...
2023-06-21T12:53:16.956+05:30  INFO 652 --- [main] com.zaxxer.hikari.pool.HikariPool        : HikariPool-1 - Added connection org.postgresql.jdbc.PgConnection@52856ff9
2023-06-21T12:53:16.960+05:30  INFO 652 --- [main] com.zaxxer.hikari.HikariDataSource       : HikariPool-1 - Start completed.
2023-06-21T12:53:17.134+05:30  INFO 652 --- [main] o.hibernate.jpa.internal.util.LogHelper  : HHH000204: Processing PersistenceUnitInfo [name: default]
2023-06-21T12:53:17.298+05:30  INFO 652 --- [main] org.hibernate.Version                    : HHH000412: Hibernate ORM core version 6.2.2.Final
2023-06-21T12:53:17.302+05:30  INFO 652 --- [main] org.hibernate.cfg.Environment            : HHH000406: Using bytecode reflection optimizer
2023-06-21T12:53:17.618+05:30  INFO 652 --- [main] o.h.b.i.BytecodeProviderInitiator        : HHH000021: Bytecode provider name : bytebuddy
2023-06-21T12:53:17.975+05:30  INFO 652 --- [main] org.hibernate.orm.dialect                : HHH035001: Using dialect: org.hibernate.dialect.PostgreSQLDialect, version: org.hibernate.engine.jdbc.env.internal.JdbcEnvironmentInitiator$DialectResolutionInfoImpl@c89e263
2023-06-21T12:53:18.265+05:30  INFO 652 --- [main] o.h.b.i.BytecodeProviderInitiator        : HHH000021: Bytecode provider name : bytebuddy
2023-06-21T12:53:19.161+05:30  INFO 652 --- [main] o.h.e.t.j.p.i.JtaPlatformInitiator       : HHH000490: Using JtaPlatform implementation: [org.hibernate.engine.transaction.jta.platform.internal.NoJtaPlatform]
2023-06-21T12:53:23.660+05:30  INFO 652 --- [main] com.zaxxer.hikari.HikariDataSource       : HikariPool-1 - Shutdown initiated...
2023-06-21T12:53:23.672+05:30  INFO 652 --- [main] com.zaxxer.hikari.HikariDataSource       : HikariPool-1 - Shutdown completed.
2023-06-21T12:53:23.680+05:30  INFO 652 --- [main] o.apache.catalina.core.StandardService   : Stopping service [Tomcat]
2023-06-21T12:53:23.733+05:30 ERROR 652 --- [main] o.s.b.d.LoggingFailureAnalysisReporter   : 

***************************
APPLICATION FAILED TO START
***************************

Description:

Web server failed to start. Port 8080 was already in use.

Action:

Identify and stop the process that's listening on port 8080 or configure this application to listen on another port.

2023-06-21T12:53:54.036+05:30  INFO 11496 --- [main] c.shopping.cart.ShoppingcartApplication  : Starting ShoppingcartApplication using Java 17 with PID 11496 (E:\STS\shoppingcart\target\classes started by Chiru in E:\STS\shoppingcart)
2023-06-21T12:53:54.041+05:30  INFO 11496 --- [main] c.shopping.cart.ShoppingcartApplication  : No active profile set, falling back to 1 default profile: "default"
2023-06-21T12:53:56.519+05:30  INFO 11496 --- [main] o.apache.catalina.core.StandardService   : Starting service [Tomcat]
2023-06-21T12:53:56.519+05:30  INFO 11496 --- [main] o.apache.catalina.core.StandardEngine    : Starting Servlet engine: [Apache Tomcat/10.1.8]
2023-06-21T12:53:56.690+05:30  INFO 11496 --- [main] o.a.c.c.C.[Tomcat].[localhost].[/]       : Initializing Spring embedded WebApplicationContext
2023-06-21T12:53:56.951+05:30  INFO 11496 --- [main] com.zaxxer.hikari.HikariDataSource       : HikariPool-1 - Starting...
2023-06-21T12:53:57.160+05:30  INFO 11496 --- [main] com.zaxxer.hikari.pool.HikariPool        : HikariPool-1 - Added connection org.postgresql.jdbc.PgConnection@70c205bf
2023-06-21T12:53:57.163+05:30  INFO 11496 --- [main] com.zaxxer.hikari.HikariDataSource       : HikariPool-1 - Start completed.
2023-06-21T12:53:57.306+05:30  INFO 11496 --- [main] o.hibernate.jpa.internal.util.LogHelper  : HHH000204: Processing PersistenceUnitInfo [name: default]
2023-06-21T12:53:57.389+05:30  INFO 11496 --- [main] org.hibernate.Version                    : HHH000412: Hibernate ORM core version 6.2.2.Final
2023-06-21T12:53:57.393+05:30  INFO 11496 --- [main] org.hibernate.cfg.Environment            : HHH000406: Using bytecode reflection optimizer
2023-06-21T12:53:57.639+05:30  INFO 11496 --- [main] o.h.b.i.BytecodeProviderInitiator        : HHH000021: Bytecode provider name : bytebuddy
2023-06-21T12:53:57.954+05:30  INFO 11496 --- [main] org.hibernate.orm.dialect                : HHH035001: Using dialect: org.hibernate.dialect.PostgreSQLDialect, version: org.hibernate.engine.jdbc.env.internal.JdbcEnvironmentInitiator$DialectResolutionInfoImpl@4067634b
2023-06-21T12:53:58.206+05:30  INFO 11496 --- [main] o.h.b.i.BytecodeProviderInitiator        : HHH000021: Bytecode provider name : bytebuddy
2023-06-21T12:53:58.952+05:30  INFO 11496 --- [main] o.h.e.t.j.p.i.JtaPlatformInitiator       : HHH000490: Using JtaPlatform implementation: [org.hibernate.engine.transaction.jta.platform.internal.NoJtaPlatform]
2023-06-21T12:54:02.276+05:30  INFO 11496 --- [main] c.shopping.cart.ShoppingcartApplication  : Started ShoppingcartApplication in 8.783 seconds (process running for 9.754)
2023-06-21T12:54:02.410+05:30  INFO 11496 --- [main] c.shopping.cart.batch.BatchJobListener   : Job Started STARTED
2023-06-21T12:54:02.419+05:30  INFO 11496 --- [main] c.shopping.cart.batch.BatchJobListener   : Job Completed COMPLETED
2023-06-21T12:56:49.439+05:30  INFO 11496 --- [http-nio-8081-exec-2] o.a.c.c.C.[Tomcat].[localhost].[/]       : Initializing Spring DispatcherServlet 'dispatcherServlet'
2023-06-21T12:58:02.637+05:30  INFO 11496 --- [RMI TCP Connection(13)-127.0.0.1] o.apache.catalina.core.StandardService   : Stopping service [Tomcat]
2023-06-21T12:58:02.642+05:30  INFO 11496 --- [RMI TCP Connection(13)-127.0.0.1] o.a.c.c.C.[Tomcat].[localhost].[/]       : Destroying Spring FrameworkServlet 'dispatcherServlet'
2023-06-21T12:58:02.693+05:30  INFO 11496 --- [RMI TCP Connection(13)-127.0.0.1] com.zaxxer.hikari.HikariDataSource       : HikariPool-1 - Shutdown initiated...
2023-06-21T12:58:02.701+05:30  INFO 11496 --- [RMI TCP Connection(13)-127.0.0.1] com.zaxxer.hikari.HikariDataSource       : HikariPool-1 - Shutdown completed.
